<?xml version="1.0" encoding="UTF-8"?>
<!-- Generated by org.testng.reporters.JUnitXMLReporter -->
<testsuite ignored="0" hostname="LAPTOP-62KJU3VU" failures="0" tests="4" name="Default test" time="58.806" errors="0" timestamp="2025-09-07T12:09:44 IST">
  <testcase classname="com.orangehrm.tests.LoginOrangeHRM" name="addEmployeeAndEditPersonalDetails" time="13.992"/>
  <testcase classname="com.orangehrm.tests.LoginOrangeHRM" name="addUserTest" time="10.448"/>
  <testcase classname="com.orangehrm.tests.LoginOrangeHRM" name="addUserTest" time="10.581"/>
  <testcase classname="com.orangehrm.tests.LoginOrangeHRM" name="loginTest" time="4.761"/>
</testsuite> <!-- Default test -->
