<?xml version="1.0" encoding="UTF-8"?>
<!-- Generated by org.testng.reporters.JUnitXMLReporter -->
<testsuite ignored="0" hostname="LAPTOP-62KJU3VU" failures="0" tests="6" name="Default test" time="88.517" errors="0" timestamp="2025-09-07T18:31:27 IST">
  <testcase classname="com.orangehrm.tests.OrangeHRM_All_Modules" name="addEmployeeAndEditPersonalDetails" time="14.838"/>
  <testcase classname="com.orangehrm.tests.OrangeHRM_All_Modules" name="addUserTest" time="10.322"/>
  <testcase classname="com.orangehrm.tests.OrangeHRM_All_Modules" name="addUserTest" time="10.656"/>
  <testcase classname="com.orangehrm.tests.OrangeHRM_All_Modules" name="assignLeaveFlowTest" time="12.246"/>
  <testcase classname="com.orangehrm.tests.OrangeHRM_All_Modules" name="employeeTimesheetFlowTest" time="9.17"/>
  <testcase classname="com.orangehrm.tests.OrangeHRM_All_Modules" name="loginTest" time="4.714"/>
</testsuite> <!-- Default test -->
