<?xml version="1.0" encoding="UTF-8"?>
<!-- Generated by org.testng.reporters.JUnitXMLReporter -->
<testsuite ignored="0" hostname="LAPTOP-62KJU3VU" failures="0" tests="6" name="Test" time="86.53" errors="0" timestamp="2025-09-07T18:37:27 IST">
  <testcase classname="com.orangehrm.tests.OrangeHRM_All_Modules" name="addEmployeeAndEditPersonalDetails" time="13.739"/>
  <testcase classname="com.orangehrm.tests.OrangeHRM_All_Modules" name="addUserTest" time="10.564"/>
  <testcase classname="com.orangehrm.tests.OrangeHRM_All_Modules" name="addUserTest" time="10.306"/>
  <testcase classname="com.orangehrm.tests.OrangeHRM_All_Modules" name="assignLeaveFlowTest" time="11.158"/>
  <testcase classname="com.orangehrm.tests.OrangeHRM_All_Modules" name="employeeTimesheetFlowTest" time="9.214"/>
  <testcase classname="com.orangehrm.tests.OrangeHRM_All_Modules" name="loginTest" time="4.856"/>
</testsuite> <!-- Test -->
