<?xml version="1.0" encoding="UTF-8"?>
<!-- Generated by org.testng.reporters.JUnitXMLReporter -->
<testsuite ignored="0" hostname="LAPTOP-62KJU3VU" failures="0" tests="4" name="Test" time="60.097" errors="0" timestamp="2025-09-07T11:28:50 IST">
  <testcase classname="com.orangehrm.tests.LoginOrangeHRM" name="addEmployeeAndEditPersonalDetails" time="14.749"/>
  <testcase classname="com.orangehrm.tests.LoginOrangeHRM" name="addUserTest" time="11.552"/>
  <testcase classname="com.orangehrm.tests.LoginOrangeHRM" name="addUserTest" time="10.9"/>
  <testcase classname="com.orangehrm.tests.LoginOrangeHRM" name="loginTest" time="4.895"/>
</testsuite> <!-- Test -->
