<?xml version="1.0" encoding="UTF-8"?>
<testng-results ignored="0" total="4" passed="4" failed="0" skipped="0">
  <reporter-output>
  </reporter-output>
  <suite started-at="2025-09-07T12:08:45 IST" name="Default suite" finished-at="2025-09-07T12:09:44 IST" duration-ms="58806">
    <groups>
    </groups>
    <test started-at="2025-09-07T12:08:45 IST" name="Default test" finished-at="2025-09-07T12:09:44 IST" duration-ms="58806">
      <class name="com.orangehrm.tests.LoginOrangeHRM">
        <test-method is-config="true" signature="setupReport()[pri:0, instance:com.orangehrm.tests.LoginOrangeHRM@5c671d7f]" started-at="2025-09-07T12:08:45 IST" name="setupReport" finished-at="2025-09-07T12:08:45 IST" duration-ms="210" status="PASS">
          <reporter-output>
          </reporter-output>
        </test-method> <!-- setupReport -->
        <test-method is-config="true" signature="setup()[pri:0, instance:com.orangehrm.tests.LoginOrangeHRM@5c671d7f]" started-at="2025-09-07T12:08:45 IST" name="setup" finished-at="2025-09-07T12:08:49 IST" duration-ms="4308" status="PASS">
          <reporter-output>
          </reporter-output>
        </test-method> <!-- setup -->
        <test-method signature="addEmployeeAndEditPersonalDetails()[pri:0, instance:com.orangehrm.tests.LoginOrangeHRM@5c671d7f]" started-at="2025-09-07T12:08:49 IST" name="addEmployeeAndEditPersonalDetails" finished-at="2025-09-07T12:09:03 IST" duration-ms="13992" status="PASS">
          <reporter-output>
          </reporter-output>
        </test-method> <!-- addEmployeeAndEditPersonalDetails -->
        <test-method is-config="true" signature="teardown()[pri:0, instance:com.orangehrm.tests.LoginOrangeHRM@5c671d7f]" started-at="2025-09-07T12:09:03 IST" name="teardown" finished-at="2025-09-07T12:09:04 IST" duration-ms="211" status="PASS">
          <reporter-output>
          </reporter-output>
        </test-method> <!-- teardown -->
        <test-method is-config="true" signature="setup()[pri:0, instance:com.orangehrm.tests.LoginOrangeHRM@5c671d7f]" started-at="2025-09-07T12:09:04 IST" name="setup" finished-at="2025-09-07T12:09:08 IST" duration-ms="3714" status="PASS">
          <reporter-output>
          </reporter-output>
        </test-method> <!-- setup -->
        <test-method signature="addUserTest(java.lang.String,java.lang.String,java.lang.String,java.lang.String,java.lang.String,java.lang.String)[pri:0, instance:com.orangehrm.tests.LoginOrangeHRM@5c671d7f]" started-at="2025-09-07T12:09:08 IST" name="addUserTest" data-provider="adminData" finished-at="2025-09-07T12:09:19 IST" duration-ms="10448" status="PASS">
          <params>
            <param index="0">
              <value>
                <![CDATA[ESS]]>
              </value>
            </param>
            <param index="1">
              <value>
                <![CDATA[Joy Smith]]>
              </value>
            </param>
            <param index="2">
              <value>
                <![CDATA[Enabled]]>
              </value>
            </param>
            <param index="3">
              <value>
                <![CDATA[TestUser]]>
              </value>
            </param>
            <param index="4">
              <value>
                <![CDATA[Test1@123]]>
              </value>
            </param>
            <param index="5">
              <value>
                <![CDATA[Test1@123]]>
              </value>
            </param>
          </params>
          <reporter-output>
          </reporter-output>
        </test-method> <!-- addUserTest -->
        <test-method is-config="true" signature="teardown()[pri:0, instance:com.orangehrm.tests.LoginOrangeHRM@5c671d7f]" started-at="2025-09-07T12:09:19 IST" name="teardown" finished-at="2025-09-07T12:09:19 IST" duration-ms="242" status="PASS">
          <reporter-output>
          </reporter-output>
        </test-method> <!-- teardown -->
        <test-method is-config="true" signature="setup()[pri:0, instance:com.orangehrm.tests.LoginOrangeHRM@5c671d7f]" started-at="2025-09-07T12:09:19 IST" name="setup" finished-at="2025-09-07T12:09:23 IST" duration-ms="4062" status="PASS">
          <reporter-output>
          </reporter-output>
        </test-method> <!-- setup -->
        <test-method signature="addUserTest(java.lang.String,java.lang.String,java.lang.String,java.lang.String,java.lang.String,java.lang.String)[pri:0, instance:com.orangehrm.tests.LoginOrangeHRM@5c671d7f]" started-at="2025-09-07T12:09:23 IST" name="addUserTest" data-provider="adminData" finished-at="2025-09-07T12:09:34 IST" duration-ms="10581" status="PASS">
          <params>
            <param index="0">
              <value>
                <![CDATA[ESS]]>
              </value>
            </param>
            <param index="1">
              <value>
                <![CDATA[John   Doe]]>
              </value>
            </param>
            <param index="2">
              <value>
                <![CDATA[Enabled]]>
              </value>
            </param>
            <param index="3">
              <value>
                <![CDATA[LoginUser]]>
              </value>
            </param>
            <param index="4">
              <value>
                <![CDATA[Login@123]]>
              </value>
            </param>
            <param index="5">
              <value>
                <![CDATA[Login@123]]>
              </value>
            </param>
          </params>
          <reporter-output>
          </reporter-output>
        </test-method> <!-- addUserTest -->
        <test-method is-config="true" signature="teardown()[pri:0, instance:com.orangehrm.tests.LoginOrangeHRM@5c671d7f]" started-at="2025-09-07T12:09:34 IST" name="teardown" finished-at="2025-09-07T12:09:34 IST" duration-ms="256" status="PASS">
          <reporter-output>
          </reporter-output>
        </test-method> <!-- teardown -->
        <test-method is-config="true" signature="setup()[pri:0, instance:com.orangehrm.tests.LoginOrangeHRM@5c671d7f]" started-at="2025-09-07T12:09:34 IST" name="setup" finished-at="2025-09-07T12:09:39 IST" duration-ms="5061" status="PASS">
          <reporter-output>
          </reporter-output>
        </test-method> <!-- setup -->
        <test-method signature="loginTest(java.lang.String,java.lang.String)[pri:0, instance:com.orangehrm.tests.LoginOrangeHRM@5c671d7f]" started-at="2025-09-07T12:09:39 IST" name="loginTest" data-provider="loginData" finished-at="2025-09-07T12:09:44 IST" duration-ms="4761" status="PASS">
          <params>
            <param index="0">
              <value>
                <![CDATA[Admin]]>
              </value>
            </param>
            <param index="1">
              <value>
                <![CDATA[admin123]]>
              </value>
            </param>
          </params>
          <reporter-output>
          </reporter-output>
        </test-method> <!-- loginTest -->
        <test-method is-config="true" signature="teardown()[pri:0, instance:com.orangehrm.tests.LoginOrangeHRM@5c671d7f]" started-at="2025-09-07T12:09:44 IST" name="teardown" finished-at="2025-09-07T12:09:44 IST" duration-ms="146" status="PASS">
          <reporter-output>
          </reporter-output>
        </test-method> <!-- teardown -->
        <test-method is-config="true" signature="flushReport()[pri:0, instance:com.orangehrm.tests.LoginOrangeHRM@5c671d7f]" started-at="2025-09-07T12:09:44 IST" name="flushReport" finished-at="2025-09-07T12:09:44 IST" duration-ms="248" status="PASS">
          <reporter-output>
          </reporter-output>
        </test-method> <!-- flushReport -->
      </class> <!-- com.orangehrm.tests.LoginOrangeHRM -->
    </test> <!-- Default test -->
  </suite> <!-- Default suite -->
</testng-results>
