<?xml version="1.0" encoding="UTF-8"?>
<testng-results ignored="0" total="6" passed="6" failed="0" skipped="0">
  <reporter-output>
  </reporter-output>
  <suite started-at="2025-09-07T18:36:01 IST" name="Suite" finished-at="2025-09-07T18:37:27 IST" duration-ms="86530">
    <groups>
    </groups>
    <test started-at="2025-09-07T18:36:01 IST" name="Test" finished-at="2025-09-07T18:37:27 IST" duration-ms="86530">
      <class name="com.orangehrm.tests.OrangeHRM_All_Modules">
        <test-method is-config="true" signature="setupReport()[pri:0, instance:com.orangehrm.tests.OrangeHRM_All_Modules@2663e964]" started-at="2025-09-07T18:36:01 IST" name="setupReport" finished-at="2025-09-07T18:36:01 IST" duration-ms="8" status="PASS">
          <reporter-output>
          </reporter-output>
        </test-method> <!-- setupReport -->
        <test-method is-config="true" signature="setup()[pri:0, instance:com.orangehrm.tests.OrangeHRM_All_Modules@2663e964]" started-at="2025-09-07T18:36:01 IST" name="setup" finished-at="2025-09-07T18:36:05 IST" duration-ms="4425" status="PASS">
          <reporter-output>
          </reporter-output>
        </test-method> <!-- setup -->
        <test-method signature="addEmployeeAndEditPersonalDetails()[pri:0, instance:com.orangehrm.tests.OrangeHRM_All_Modules@2663e964]" started-at="2025-09-07T18:36:05 IST" name="addEmployeeAndEditPersonalDetails" finished-at="2025-09-07T18:36:19 IST" duration-ms="13739" status="PASS">
          <reporter-output>
          </reporter-output>
        </test-method> <!-- addEmployeeAndEditPersonalDetails -->
        <test-method is-config="true" signature="teardown()[pri:0, instance:com.orangehrm.tests.OrangeHRM_All_Modules@2663e964]" started-at="2025-09-07T18:36:19 IST" name="teardown" finished-at="2025-09-07T18:36:19 IST" duration-ms="203" status="PASS">
          <reporter-output>
          </reporter-output>
        </test-method> <!-- teardown -->
        <test-method is-config="true" signature="setup()[pri:0, instance:com.orangehrm.tests.OrangeHRM_All_Modules@2663e964]" started-at="2025-09-07T18:36:20 IST" name="setup" finished-at="2025-09-07T18:36:24 IST" duration-ms="4395" status="PASS">
          <reporter-output>
          </reporter-output>
        </test-method> <!-- setup -->
        <test-method signature="addUserTest(java.lang.String,java.lang.String,java.lang.String,java.lang.String,java.lang.String,java.lang.String)[pri:0, instance:com.orangehrm.tests.OrangeHRM_All_Modules@2663e964]" started-at="2025-09-07T18:36:24 IST" name="addUserTest" data-provider="adminData" finished-at="2025-09-07T18:36:35 IST" duration-ms="10564" status="PASS">
          <params>
            <param index="0">
              <value>
                <![CDATA[ESS]]>
              </value>
            </param>
            <param index="1">
              <value>
                <![CDATA[Joy Smith]]>
              </value>
            </param>
            <param index="2">
              <value>
                <![CDATA[Enabled]]>
              </value>
            </param>
            <param index="3">
              <value>
                <![CDATA[TestUser]]>
              </value>
            </param>
            <param index="4">
              <value>
                <![CDATA[Test1@123]]>
              </value>
            </param>
            <param index="5">
              <value>
                <![CDATA[Test1@123]]>
              </value>
            </param>
          </params>
          <reporter-output>
          </reporter-output>
        </test-method> <!-- addUserTest -->
        <test-method is-config="true" signature="teardown()[pri:0, instance:com.orangehrm.tests.OrangeHRM_All_Modules@2663e964]" started-at="2025-09-07T18:36:35 IST" name="teardown" finished-at="2025-09-07T18:36:35 IST" duration-ms="382" status="PASS">
          <reporter-output>
          </reporter-output>
        </test-method> <!-- teardown -->
        <test-method is-config="true" signature="setup()[pri:0, instance:com.orangehrm.tests.OrangeHRM_All_Modules@2663e964]" started-at="2025-09-07T18:36:35 IST" name="setup" finished-at="2025-09-07T18:36:39 IST" duration-ms="4007" status="PASS">
          <reporter-output>
          </reporter-output>
        </test-method> <!-- setup -->
        <test-method signature="addUserTest(java.lang.String,java.lang.String,java.lang.String,java.lang.String,java.lang.String,java.lang.String)[pri:0, instance:com.orangehrm.tests.OrangeHRM_All_Modules@2663e964]" started-at="2025-09-07T18:36:39 IST" name="addUserTest" data-provider="adminData" finished-at="2025-09-07T18:36:50 IST" duration-ms="10306" status="PASS">
          <params>
            <param index="0">
              <value>
                <![CDATA[ESS]]>
              </value>
            </param>
            <param index="1">
              <value>
                <![CDATA[John   Doe]]>
              </value>
            </param>
            <param index="2">
              <value>
                <![CDATA[Enabled]]>
              </value>
            </param>
            <param index="3">
              <value>
                <![CDATA[LoginUser]]>
              </value>
            </param>
            <param index="4">
              <value>
                <![CDATA[Login@123]]>
              </value>
            </param>
            <param index="5">
              <value>
                <![CDATA[Login@123]]>
              </value>
            </param>
          </params>
          <reporter-output>
          </reporter-output>
        </test-method> <!-- addUserTest -->
        <test-method is-config="true" signature="teardown()[pri:0, instance:com.orangehrm.tests.OrangeHRM_All_Modules@2663e964]" started-at="2025-09-07T18:36:50 IST" name="teardown" finished-at="2025-09-07T18:36:50 IST" duration-ms="335" status="PASS">
          <reporter-output>
          </reporter-output>
        </test-method> <!-- teardown -->
        <test-method is-config="true" signature="setup()[pri:0, instance:com.orangehrm.tests.OrangeHRM_All_Modules@2663e964]" started-at="2025-09-07T18:36:50 IST" name="setup" finished-at="2025-09-07T18:36:54 IST" duration-ms="3842" status="PASS">
          <reporter-output>
          </reporter-output>
        </test-method> <!-- setup -->
        <test-method signature="assignLeaveFlowTest()[pri:0, instance:com.orangehrm.tests.OrangeHRM_All_Modules@2663e964]" started-at="2025-09-07T18:36:54 IST" name="assignLeaveFlowTest" finished-at="2025-09-07T18:37:05 IST" duration-ms="11158" status="PASS">
          <reporter-output>
          </reporter-output>
        </test-method> <!-- assignLeaveFlowTest -->
        <test-method is-config="true" signature="teardown()[pri:0, instance:com.orangehrm.tests.OrangeHRM_All_Modules@2663e964]" started-at="2025-09-07T18:37:05 IST" name="teardown" finished-at="2025-09-07T18:37:05 IST" duration-ms="187" status="PASS">
          <reporter-output>
          </reporter-output>
        </test-method> <!-- teardown -->
        <test-method is-config="true" signature="setup()[pri:0, instance:com.orangehrm.tests.OrangeHRM_All_Modules@2663e964]" started-at="2025-09-07T18:37:05 IST" name="setup" finished-at="2025-09-07T18:37:09 IST" duration-ms="3815" status="PASS">
          <reporter-output>
          </reporter-output>
        </test-method> <!-- setup -->
        <test-method signature="employeeTimesheetFlowTest()[pri:0, instance:com.orangehrm.tests.OrangeHRM_All_Modules@2663e964]" started-at="2025-09-07T18:37:09 IST" name="employeeTimesheetFlowTest" finished-at="2025-09-07T18:37:18 IST" duration-ms="9214" status="PASS">
          <reporter-output>
          </reporter-output>
        </test-method> <!-- employeeTimesheetFlowTest -->
        <test-method is-config="true" signature="teardown()[pri:0, instance:com.orangehrm.tests.OrangeHRM_All_Modules@2663e964]" started-at="2025-09-07T18:37:18 IST" name="teardown" finished-at="2025-09-07T18:37:18 IST" duration-ms="172" status="PASS">
          <reporter-output>
          </reporter-output>
        </test-method> <!-- teardown -->
        <test-method is-config="true" signature="setup()[pri:0, instance:com.orangehrm.tests.OrangeHRM_All_Modules@2663e964]" started-at="2025-09-07T18:37:18 IST" name="setup" finished-at="2025-09-07T18:37:22 IST" duration-ms="3759" status="PASS">
          <reporter-output>
          </reporter-output>
        </test-method> <!-- setup -->
        <test-method signature="loginTest(java.lang.String,java.lang.String)[pri:0, instance:com.orangehrm.tests.OrangeHRM_All_Modules@2663e964]" started-at="2025-09-07T18:37:22 IST" name="loginTest" data-provider="loginData" finished-at="2025-09-07T18:37:27 IST" duration-ms="4856" status="PASS">
          <params>
            <param index="0">
              <value>
                <![CDATA[Admin]]>
              </value>
            </param>
            <param index="1">
              <value>
                <![CDATA[admin123]]>
              </value>
            </param>
          </params>
          <reporter-output>
          </reporter-output>
        </test-method> <!-- loginTest -->
        <test-method is-config="true" signature="teardown()[pri:0, instance:com.orangehrm.tests.OrangeHRM_All_Modules@2663e964]" started-at="2025-09-07T18:37:27 IST" name="teardown" finished-at="2025-09-07T18:37:27 IST" duration-ms="167" status="PASS">
          <reporter-output>
          </reporter-output>
        </test-method> <!-- teardown -->
        <test-method is-config="true" signature="flushReport()[pri:0, instance:com.orangehrm.tests.OrangeHRM_All_Modules@2663e964]" started-at="2025-09-07T18:37:27 IST" name="flushReport" finished-at="2025-09-07T18:37:27 IST" duration-ms="21" status="PASS">
          <reporter-output>
          </reporter-output>
        </test-method> <!-- flushReport -->
      </class> <!-- com.orangehrm.tests.OrangeHRM_All_Modules -->
    </test> <!-- Test -->
  </suite> <!-- Suite -->
</testng-results>
